d:\alvaro\documents\master\metrologia\qtstereocamproject\qtstereocamproject\x64\debug\main.obj
d:\alvaro\documents\master\metrologia\qtstereocamproject\qtstereocamproject\x64\debug\descriptor.obj
d:\alvaro\documents\master\metrologia\qtstereocamproject\qtstereocamproject\x64\debug\moc_qtimagemanager.obj
d:\alvaro\documents\master\metrologia\qtstereocamproject\qtstereocamproject\x64\debug\matrix.obj
d:\alvaro\documents\master\metrologia\qtstereocamproject\qtstereocamproject\x64\debug\moc_qtstereocamproject.obj
d:\alvaro\documents\master\metrologia\qtstereocamproject\qtstereocamproject\x64\debug\filter.obj
d:\alvaro\documents\master\metrologia\qtstereocamproject\qtstereocamproject\x64\debug\qtimagemanager.obj
d:\alvaro\documents\master\metrologia\qtstereocamproject\qtstereocamproject\x64\debug\triangle.obj
d:\alvaro\documents\master\metrologia\qtstereocamproject\qtstereocamproject\x64\debug\qtstereocamproject.obj
d:\alvaro\documents\master\metrologia\qtstereocamproject\qtstereocamproject\x64\debug\elas.obj
d:\alvaro\documents\master\metrologia\qtstereocamproject\qtstereocamproject\x64\debug\qrc_qtstereocamproject.obj
d:\alvaro\documents\master\metrologia\qtstereocamproject\qtstereocamproject\x64\debug\vc141.pdb
d:\alvaro\documents\master\metrologia\qtstereocamproject\x64\debug\qtstereocamproject.exe
d:\alvaro\documents\master\metrologia\qtstereocamproject\x64\debug\qtstereocamproject.ilk
d:\alvaro\documents\master\metrologia\qtstereocamproject\x64\debug\qtstereocamproject.pdb
d:\alvaro\documents\master\metrologia\qtstereocamproject\qtstereocamproject\.\generatedfiles\debug\moc_qtstereocamproject.cpp
d:\alvaro\documents\master\metrologia\qtstereocamproject\qtstereocamproject\.\generatedfiles\debug\moc_qtimagemanager.cpp
d:\alvaro\documents\master\metrologia\qtstereocamproject\qtstereocamproject\.\generatedfiles\qrc_qtstereocamproject.cpp
d:\alvaro\documents\master\metrologia\qtstereocamproject\qtstereocamproject\generatedfiles\debug\moc_qtimagemanager.cpp
d:\alvaro\documents\master\metrologia\qtstereocamproject\qtstereocamproject\generatedfiles\qrc_qtstereocamproject.cpp
d:\alvaro\documents\master\metrologia\qtstereocamproject\qtstereocamproject\generatedfiles\debug\moc_qtstereocamproject.cpp
d:\alvaro\documents\master\metrologia\qtstereocamproject\qtstereocamproject\.\generatedfiles\ui_qtstereocamproject.h
d:\alvaro\documents\master\metrologia\qtstereocamproject\qtstereocamproject\x64\debug\qtstereo.b12702ad.tlog\cl.command.1.tlog
d:\alvaro\documents\master\metrologia\qtstereocamproject\qtstereocamproject\x64\debug\qtstereo.b12702ad.tlog\cl.read.1.tlog
d:\alvaro\documents\master\metrologia\qtstereocamproject\qtstereocamproject\x64\debug\qtstereo.b12702ad.tlog\cl.write.1.tlog
d:\alvaro\documents\master\metrologia\qtstereocamproject\qtstereocamproject\x64\debug\qtstereo.b12702ad.tlog\link.command.1.tlog
d:\alvaro\documents\master\metrologia\qtstereocamproject\qtstereocamproject\x64\debug\qtstereo.b12702ad.tlog\link.read.1.tlog
d:\alvaro\documents\master\metrologia\qtstereocamproject\qtstereocamproject\x64\debug\qtstereo.b12702ad.tlog\link.write.1.tlog
d:\alvaro\documents\master\metrologia\qtstereocamproject\qtstereocamproject\x64\debug\qtstereo.b12702ad.tlog\qtmoc.read.1u.tlog
d:\alvaro\documents\master\metrologia\qtstereocamproject\qtstereocamproject\x64\debug\qtstereo.b12702ad.tlog\qtmoc.write.1u.tlog
d:\alvaro\documents\master\metrologia\qtstereocamproject\qtstereocamproject\x64\debug\qtstereo.b12702ad.tlog\qtrcc.read.1u.tlog
d:\alvaro\documents\master\metrologia\qtstereocamproject\qtstereocamproject\x64\debug\qtstereo.b12702ad.tlog\qtrcc.write.1u.tlog
d:\alvaro\documents\master\metrologia\qtstereocamproject\qtstereocamproject\x64\debug\qtstereo.b12702ad.tlog\qtstereocamproject.write.1u.tlog
d:\alvaro\documents\master\metrologia\qtstereocamproject\qtstereocamproject\x64\debug\qtstereo.b12702ad.tlog\qtuic.read.1u.tlog
d:\alvaro\documents\master\metrologia\qtstereocamproject\qtstereocamproject\x64\debug\qtstereo.b12702ad.tlog\qtuic.write.1u.tlog
